13.05.2025 09:13:49	This log contains information about the import schema operation into project 'HastaneDB' on computer 'DESKTOP-55FTHBC' by user 'Hazar'.
13.05.2025 09:13:50	Import of database schema has started.
13.05.2025 09:13:54	Gathering database credentials
13.05.2025 09:13:54	Gathering database options
13.05.2025 09:13:54	Gathering generic database scoped configuration option
13.05.2025 09:13:54	Gathering users
13.05.2025 09:13:54	Gathering roles
13.05.2025 09:13:54	Gathering application roles
13.05.2025 09:13:54	Gathering role memberships
13.05.2025 09:13:54	Gathering filegroups
13.05.2025 09:13:54	Gathering full-text catalogs
13.05.2025 09:13:54	Gathering assemblies
13.05.2025 09:13:54	Gathering certificates
13.05.2025 09:13:54	Gathering asymmetric keys
13.05.2025 09:13:54	Gathering symmetric keys
13.05.2025 09:13:54	Gathering encrypted symmetric keys
13.05.2025 09:13:54	Gathering schemas
13.05.2025 09:13:54	Gathering XML schema collections
13.05.2025 09:13:54	Gathering user-defined data types
13.05.2025 09:13:54	Gathering user-defined types
13.05.2025 09:13:54	Gathering table types
13.05.2025 09:13:54	Gathering unique keys for table types
13.05.2025 09:13:54	Gathering primary keys for table types
13.05.2025 09:13:54	Gathering indexes for table types
13.05.2025 09:13:54	Gathering check constraints for table types
13.05.2025 09:13:54	Gathering default constraints for table types
13.05.2025 09:13:54	Gathering partition functions
13.05.2025 09:13:54	Gathering partition schemes
13.05.2025 09:13:54	Gathering functions
13.05.2025 09:13:54	Gathering encrypted functions
13.05.2025 09:13:54	Gathering aggregates
13.05.2025 09:13:54	Gathering procedures
13.05.2025 09:13:54	Gathering encrypted procedures
13.05.2025 09:13:54	Gathering tables
13.05.2025 09:13:54	Gathering primary keys
13.05.2025 09:13:54	Gathering unique constraints
13.05.2025 09:13:54	Gathering foreign keys
13.05.2025 09:13:54	Gathering default constraints
13.05.2025 09:13:54	Gathering check constraints
13.05.2025 09:13:54	Gathering views
13.05.2025 09:13:54	Gathering encrypted views
13.05.2025 09:13:54	Gathering indexes
13.05.2025 09:13:54	Gathering statistics
13.05.2025 09:13:54	Gathering full-text index stoplists
13.05.2025 09:13:54	Gathering search property lists
13.05.2025 09:13:54	Gathering search properties
13.05.2025 09:13:54	Gathering full-text indexes
13.05.2025 09:13:54	Gathering column store indexes
13.05.2025 09:13:54	Gathering spatial indexes
13.05.2025 09:13:54	Gathering XML indexes
13.05.2025 09:13:54	Gathering Selective XML indexes
13.05.2025 09:13:54	Gathering encrypted triggers
13.05.2025 09:13:54	Gathering triggers
13.05.2025 09:13:54	Gathering encrypted and clr ddl triggers
13.05.2025 09:13:54	Gathering ddl triggers
13.05.2025 09:13:54	Creating edge constraints
13.05.2025 09:13:54	Gathering synonyms
13.05.2025 09:13:54	Gathering defaults
13.05.2025 09:13:54	Gathering data constraint uddt bindings
13.05.2025 09:13:54	Gathering rules
13.05.2025 09:13:54	Gathering data constraint uddt bindings
13.05.2025 09:13:54	Gathering message types
13.05.2025 09:13:54	Gathering queues
13.05.2025 09:13:54	Gathering contracts
13.05.2025 09:13:54	Gathering services
13.05.2025 09:13:54	Gathering event notifications
13.05.2025 09:13:54	Gathering remote service bindings
13.05.2025 09:13:54	Gathering broker priorities
13.05.2025 09:13:54	Gathering signatures
13.05.2025 09:13:54	Gathering compression options
13.05.2025 09:13:54	Gathering sequence types
13.05.2025 09:13:54	Gathering security policies
13.05.2025 09:13:54	Gather column encryption keys
13.05.2025 09:13:54	Gathering column master keys
13.05.2025 09:13:54	Gathering external data sources
13.05.2025 09:13:54	Gathering external file formats
13.05.2025 09:13:54	Gathering external tables
13.05.2025 09:13:54	Gathering extended properties
13.05.2025 09:13:54	Gathering assemblies
13.05.2025 09:13:54	Gathering credentials
13.05.2025 09:13:55	Gathering logins
13.05.2025 09:13:55	Gathering server audits
13.05.2025 09:13:55	Scanning project for duplicate elements
13.05.2025 09:13:55	Finished duplicate element processing
13.05.2025 09:13:56	Finished importing database.
13.05.2025 09:13:56	A summary of the import was saved to the following location: C:\Users\Hazar\source\repos\HastaneRandevuDB\HastaneDB\Import Schema Logs\HastaneDB_20250513061349.log
13.05.2025 09:13:56	Click Finish to continue...
